  LevelLoader.cpp
  CollisionBox.cpp
  RenderSystem.cpp
c:\users\ross\documents\visual studio 2015\projects\ecs_example\src\systems\rendersystem.cpp(29): warning C4244: 'argument': conversion from 'float' to 'int', possible loss of data
c:\users\ross\documents\visual studio 2015\projects\ecs_example\src\systems\rendersystem.cpp(38): warning C4244: 'argument': conversion from 'double' to 'float', possible loss of data
c:\users\ross\documents\visual studio 2015\projects\ecs_example\src\systems\rendersystem.cpp(42): warning C4244: 'argument': conversion from 'double' to 'float', possible loss of data
c:\users\ross\documents\visual studio 2015\projects\ecs_example\src\systems\rendersystem.cpp(55): warning C4244: 'argument': conversion from 'double' to 'float', possible loss of data
  MovementSystem.cpp
c:\users\ross\documents\visual studio 2015\projects\ecs_example\src\systems\movementsystem.cpp(21): warning C4244: 'argument': conversion from 'double' to 'float', possible loss of data
  LevelSystem.cpp
  ScreenSize.cpp
  ResourcePath.cpp
  main.cpp
  GameManager.cpp
  Game.cpp
c:\users\ross\documents\visual studio 2015\projects\ecs_example\src\game.cpp(7): warning C4244: 'initializing': conversion from 'double' to 'sf::Int32', possible loss of data
  EntityCreator.cpp
c:\users\ross\documents\visual studio 2015\projects\ecs_example\include\entityx\entity.h(582): warning C4291: 'void *operator new(size_t,void *) throw()': no matching operator delete found; memory will not be freed if initialization throws an exception
  c:\program files (x86)\microsoft visual studio 14.0\vc\include\vcruntime_new.h(86): note: see declaration of 'operator new'
  c:\users\ross\documents\visual studio 2015\projects\ecs_example\include\entityx\entity.h(866): note: see reference to function template instantiation 'entityx::ComponentHandle<Derived,entityx::EntityManager> entityx::EntityManager::assign<C,>(entityx::Entity::Id)' being compiled
          with
          [
              Derived=Position,
              C=Position
          ]
  c:\users\ross\documents\visual studio 2015\projects\ecs_example\src\entitycreator.cpp(11): note: see reference to function template instantiation 'entityx::ComponentHandle<Derived,entityx::EntityManager> entityx::Entity::assign<Position,>(void)' being compiled
          with
          [
              Derived=Position
          ]
c:\users\ross\documents\visual studio 2015\projects\ecs_example\include\entityx\entity.h(582): warning C4244: 'argument': conversion from 'int' to 'const float', possible loss of data
  c:\users\ross\documents\visual studio 2015\projects\ecs_example\include\entityx\entity.h(866): note: see reference to function template instantiation 'entityx::ComponentHandle<Derived,entityx::EntityManager> entityx::EntityManager::assign<C,_Ty>(entityx::Entity::Id,_Ty &&)' being compiled
          with
          [
              Derived=Motion,
              C=Motion,
              _Ty=int
          ]
  c:\users\ross\documents\visual studio 2015\projects\ecs_example\src\entitycreator.cpp(26): note: see reference to function template instantiation 'entityx::ComponentHandle<Derived,entityx::EntityManager> entityx::Entity::assign<Motion,int>(int &&)' being compiled
          with
          [
              Derived=Motion
          ]
  Volume.cpp
  Turret.cpp
  Tank.cpp
  Position.cpp
  Parent.cpp
  Motion.cpp
  Display.cpp
  Background.cpp
  Generating Code...
  ECS_Example.vcxproj -> C:\Users\Ross\Documents\Visual Studio 2015\Projects\ECS_Example\Debug\ECS_Example.exe
  ECS_Example.vcxproj -> C:\Users\Ross\Documents\Visual Studio 2015\Projects\ECS_Example\Debug\ECS_Example.pdb (Partial PDB)
  C:\Users\Ross\Documents\Visual Studio 2015\Projects\ECS_Example\dlls\sfml-audio-2.dll
  C:\Users\Ross\Documents\Visual Studio 2015\Projects\ECS_Example\dlls\sfml-audio-d-2.dll
  C:\Users\Ross\Documents\Visual Studio 2015\Projects\ECS_Example\dlls\sfml-graphics-2.dll
  C:\Users\Ross\Documents\Visual Studio 2015\Projects\ECS_Example\dlls\sfml-graphics-d-2.dll
  C:\Users\Ross\Documents\Visual Studio 2015\Projects\ECS_Example\dlls\sfml-network-2.dll
  C:\Users\Ross\Documents\Visual Studio 2015\Projects\ECS_Example\dlls\sfml-network-d-2.dll
  C:\Users\Ross\Documents\Visual Studio 2015\Projects\ECS_Example\dlls\sfml-system-2.dll
  C:\Users\Ross\Documents\Visual Studio 2015\Projects\ECS_Example\dlls\sfml-system-d-2.dll
  C:\Users\Ross\Documents\Visual Studio 2015\Projects\ECS_Example\dlls\sfml-window-2.dll
  C:\Users\Ross\Documents\Visual Studio 2015\Projects\ECS_Example\dlls\sfml-window-d-2.dll
  C:\Users\Ross\Documents\Visual Studio 2015\Projects\ECS_Example\dlls\thor-d.dll
         11 file(s) copied.
